Started GET "/" for 127.0.0.1 at 2023-07-29 03:48:35 +0200
Processing by Rails::WelcomeController#index as HTML
  Rendering /Users/piera/.rbenv/versions/3.0.2/lib/ruby/gems/3.0.0/gems/railties-7.0.6/lib/rails/templates/rails/welcome/index.html.erb
  Rendered /Users/piera/.rbenv/versions/3.0.2/lib/ruby/gems/3.0.0/gems/railties-7.0.6/lib/rails/templates/rails/welcome/index.html.erb (Duration: 0.9ms | Allocations: 860)
Completed 200 OK in 10ms (Views: 3.0ms | ActiveRecord: 0.0ms | Allocations: 9176)


DEPRECATION WARNING: Using legacy connection handling is deprecated. Please set
`legacy_connection_handling` to `false` in your application.

The new connection handling does not support `connection_handlers`
getter and setter.

Read more about how to migrate at: https://guides.rubyonrails.org/active_record_multiple_databases.html#migrate-to-the-new-connection-handling
 (called from <main> at bin/rails:28)
DEPRECATION WARNING: Using legacy connection handling is deprecated. Please set
`legacy_connection_handling` to `false` in your application.

The new connection handling does not support `connection_handlers`
getter and setter.

Read more about how to migrate at: https://guides.rubyonrails.org/active_record_multiple_databases.html#migrate-to-the-new-connection-handling
 (called from block (2 levels) in <class:Railtie> at /Users/theo/.rbenv/versions/3.2.2/lib/ruby/gems/3.2.0/gems/activerecord-7.0.6/lib/active_record/railtie.rb:264)
Started GET "/locale_ninja" for ::1 at 2023-07-29 06:20:58 +0200
Processing by LocaleNinja::LocalesController#index as HTML
  Rendering layout /Users/theo/dev/locale_ninja/app/views/layouts/locale_ninja/application.html.erb
  Rendering /Users/theo/dev/locale_ninja/app/views/locale_ninja/locales/index.html.erb within layouts/locale_ninja/application
  Rendered /Users/theo/dev/locale_ninja/app/views/locale_ninja/locales/index.html.erb within layouts/locale_ninja/application (Duration: 10.0ms | Allocations: 2267)
  Rendered layout /Users/theo/dev/locale_ninja/app/views/layouts/locale_ninja/application.html.erb (Duration: 104.4ms | Allocations: 37127)
Completed 200 OK in 1091ms (Views: 110.2ms | ActiveRecord: 0.0ms | Allocations: 136760)


